TN:
SF:/Users/espoir_mur/Projects/Personal/andela/Andela-SendIT/app/models/orders.js
FN:1,(anonymous_1)
FN:1,defineProperties
FN:1,(anonymous_3)
FN:8,Order
FN:22,save
FN:42,remove
FN:62,get
FN:66,get
FN:70,get
FN:74,set
FN:79,get
FN:83,set
FN:88,get
FN:92,get
FN:96,set
FN:101,get
FN:105,set
FN:109,get
FN:113,get
FN:117,set
FNF:20
FNH:6
FNDA:1,(anonymous_1)
FNDA:1,defineProperties
FNDA:1,(anonymous_3)
FNDA:6,Order
FNDA:1,save
FNDA:0,remove
FNDA:2,get
FNDA:0,get
FNDA:0,get
FNDA:0,set
FNDA:0,get
FNDA:0,set
FNDA:0,get
FNDA:0,get
FNDA:0,set
FNDA:0,get
FNDA:0,set
FNDA:0,get
FNDA:0,get
FNDA:0,set
DA:1,11
DA:4,1
DA:5,1
DA:7,1
DA:8,1
DA:9,6
DA:10,6
DA:11,6
DA:12,6
DA:13,6
DA:14,6
DA:15,6
DA:16,6
DA:17,6
DA:18,6
DA:19,6
DA:25,1
DA:27,1
DA:30,1
DA:31,1
DA:32,1
DA:45,0
DA:47,0
DA:49,0
DA:51,0
DA:63,2
DA:67,0
DA:71,0
DA:76,0
DA:80,0
DA:85,0
DA:89,0
DA:93,0
DA:98,0
DA:102,0
DA:106,0
DA:110,0
DA:114,0
DA:118,0
DA:122,1
LF:40
LH:23
BRDA:1,1,0,11
BRDA:1,1,1,11
BRDA:1,2,0,2
BRDA:1,2,1,9
BRDA:1,3,0,1
BRDA:1,3,1,0
BRDA:1,4,0,0
BRDA:1,4,1,1
BRDA:47,8,0,0
BRDA:47,8,1,0
BRF:10
BRH:6
end_of_record
TN:
SF:/Users/espoir_mur/Projects/Personal/andela/Andela-SendIT/app/server.js
FN:8,(anonymous_2)
FNF:1
FNH:0
FNDA:0,(anonymous_2)
DA:1,1
DA:2,1
DA:3,1
DA:4,1
DA:6,1
DA:8,1
DA:9,0
DA:13,1
DA:14,1
DA:16,1
DA:17,1
DA:18,1
DA:20,1
LF:13
LH:12
BRDA:18,3,0,1
BRDA:18,3,1,1
BRF:2
BRH:2
end_of_record
TN:
SF:/Users/espoir_mur/Projects/Personal/andela/Andela-SendIT/app/routes/orders.js
FN:10,(anonymous_2)
FN:14,(anonymous_3)
FN:55,(anonymous_4)
FN:72,(anonymous_5)
FNF:4
FNH:4
FNDA:1,(anonymous_2)
FNDA:5,(anonymous_3)
FNDA:2,(anonymous_4)
FNDA:2,(anonymous_5)
DA:3,1
DA:4,1
DA:5,1
DA:6,1
DA:8,1
DA:10,1
DA:11,1
DA:14,1
DA:15,5
DA:16,5
DA:17,1
DA:21,4
DA:22,1
DA:26,3
DA:27,1
DA:31,2
DA:32,1
DA:37,1
DA:40,1
DA:47,1
DA:48,1
DA:55,1
DA:56,2
DA:57,2
DA:58,2
DA:59,1
DA:65,1
DA:72,1
DA:73,2
DA:74,2
DA:75,2
DA:76,1
DA:77,1
DA:82,1
DA:89,1
LF:35
LH:35
BRDA:16,3,0,1
BRDA:16,3,1,4
BRDA:16,4,0,5
BRDA:16,4,1,5
BRDA:21,5,0,1
BRDA:21,5,1,3
BRDA:26,6,0,1
BRDA:26,6,1,2
BRDA:31,7,0,1
BRDA:31,7,1,1
BRDA:58,8,0,1
BRDA:58,8,1,1
BRDA:75,9,0,1
BRDA:75,9,1,1
BRF:14
BRH:14
end_of_record
TN:
SF:/Users/espoir_mur/Projects/Personal/andela/Andela-SendIT/app/models/user.js
FN:4,User
FN:16,get
FN:20,set
FN:24,get
FN:28,set
FN:32,get
FN:36,set
FN:40,get
FN:44,get
FN:48,get
FN:52,set
FNF:11
FNH:0
FNDA:0,User
FNDA:0,get
FNDA:0,set
FNDA:0,get
FNDA:0,set
FNDA:0,get
FNDA:0,set
FNDA:0,get
FNDA:0,get
FNDA:0,get
FNDA:0,set
DA:1,1
DA:3,1
DA:4,1
DA:5,0
DA:6,0
DA:7,0
DA:8,0
DA:9,0
DA:10,0
DA:11,0
DA:12,0
DA:13,0
DA:17,0
DA:21,0
DA:25,0
DA:29,0
DA:33,0
DA:37,0
DA:41,0
DA:45,0
DA:49,0
DA:53,0
DA:58,1
LF:23
LH:4
BRF:0
BRH:0
end_of_record
TN:
SF:/Users/espoir_mur/Projects/Personal/andela/Andela-SendIT/app/routes/user-orders.js
FN:8,(anonymous_1)
FNF:1
FNH:1
FNDA:2,(anonymous_1)
DA:3,1
DA:4,1
DA:6,1
DA:8,1
DA:9,2
DA:10,2
DA:11,2
DA:12,1
DA:13,1
DA:19,1
DA:26,1
LF:11
LH:11
BRDA:11,1,0,1
BRDA:11,1,1,1
BRF:2
BRH:2
end_of_record
